<?xml version="1.0" encoding="UTF-8"?>
<!-- Generated by org.testng.reporters.JUnitReportReporter -->
<testsuite skipped="0" hostname="abhinam2" name="com.training.sanity.tests.GooglForms" tests="1" failures="0" timestamp="14 Feb 2019 11:34:33 GMT" time="19.283" errors="0">
  <testcase name="GoogleForm" time="19.283" classname="com.training.sanity.tests.GooglForms"/>
</testsuite> <!-- com.training.sanity.tests.GooglForms -->
